2025-08-29T12:58:04.125387+00:00 - __main__ - INFO - ================================= [Refund Automation | MODE=[LIVE | ID=[8A8A1C8CF3564EA0]]] =================================
2025-08-29T12:58:04.528248+00:00 - __main__ - INFO - System initialization | EXTRA: {"mode":"LIVE","audit_stats":{"enabled":true,"log_dir":".audit_logs","current_log_file":".audit_logs\\audit_2025-08-29.json","log_file_size_bytes":0,"total_entries":0},"timezone_info":{"store_timezone":"America/New_York","current_utc":"2025-08-29T12:58:04.528248+00:00","current_store":"2025-08-29T08:58:04.528248-04:00","utc_offset":"-0400"},"idempotency_stats":{"total_entries":0,"dry_run_entries":0,"live_entries":0,"cache_file":".cache\\idempotency.json","ttl_hours":24}}
2025-08-29T12:58:04.528248+00:00 - src.shopify.refund - INFO - Starting refund automation in LIVE mode | EXTRA: {"mode":"LIVE","timezone_info":{"store_timezone":"America/New_York","current_utc":"2025-08-29T12:58:04.528248+00:00","current_store":"2025-08-29T08:58:04.528248-04:00","utc_offset":"-0400"}}
2025-08-29T12:58:04.529257+00:00 - src.shopify.orders - INFO - Fetching all refundable Shopify orders: max(10000)
2025-08-29T12:58:05.519295+00:00 - src.shopify.orders - INFO - Fetched 1 orders from Shopify
2025-08-29T12:58:05.522423+00:00 - src.shopify.orders - INFO - Successfully fetched 1 total orders
2025-08-29T12:58:05.522955+00:00 - src.shopify.orders - INFO - Processing 1 orders for tracking
2025-08-29T12:58:05.522955+00:00 - src.shopify.orders - INFO - Cleaning up 1 Shopify orders
2025-08-29T12:58:05.522955+00:00 - src.shopify.orders - INFO - Cleaned orders count: 1
2025-08-29T12:58:05.522955+00:00 - src.shopify.orders - INFO - Cleaned orders: 1 eligible out of 0 total
2025-08-29T12:58:05.522955+00:00 - src.shopify.tracking - INFO - Generating tracking 1 orders
2025-08-29T12:58:05.522955+00:00 - src.shopify.tracking - INFO - Generated tracking payload with 1 entries
2025-08-29T12:58:05.522955+00:00 - src.shopify.tracking - INFO - Registering 1 trackings in 1 segments
2025-08-29T12:58:11.702339+00:00 - src.shopify.tracking - INFO - Segment 1: 0 registered, 1 rejected
2025-08-29T12:58:11.702339+00:00 - src.shopify.tracking - WARNING - Rejected trackings in segment 1 | EXTRA: {"rejected_count":1,"rejected_trackings":[{"number":"00340434775407192213","error":{"code":-18019901,"message":"The tracking number '00340434775407192213' has been registered, don't need to repeat registration."}}]}
2025-08-29T12:58:11.702339+00:00 - src.shopify.tracking - INFO - Total tracking registration results: 0 registered, 1 rejected
2025-08-29T12:58:11.702339+00:00 - src.shopify.tracking - INFO - Waiting 15 seconds for tracking registration to sync
2025-08-29T12:58:26.711725+00:00 - src.shopify.tracking - INFO - Fetching tracking details for 1 payload entries
2025-08-29T12:58:28.273163+00:00 - src.shopify.tracking - INFO - Received 1 tracking entries from API
2025-08-29T12:58:28.274170+00:00 - src.shopify.tracking - INFO - These tracking-numbers matches return criteria | EXTRA: {"0":"Tracking(0)"}
2025-08-29T12:58:28.274170+00:00 - src.shopify.tracking - INFO - Tracking details processing complete: 1 matched, 0 errors out of 1 total | EXTRA: {"matched_orders":1,"parsing_errors":0,"processed_count":1,"success_rate":"100.0%"}
2025-08-29T12:58:28.274170+00:00 - src.shopify.orders - INFO - Tracking processing complete: 1 matched trackings | EXTRA: {"total_orders":0,"eligible_orders":1,"matched_trackings":1}
2025-08-29T12:58:28.274170+00:00 - src.shopify.refund - INFO - Processing 1 orders for potential refunds
2025-08-29T12:58:28.274170+00:00 - src.shopify.refund - INFO - Processing order 1/1 - Order(#1018)
2025-08-29T12:58:28.274170+00:00 - src.shopify.refund - INFO - Initiating refund for order #1018 ($202.0 EUR) - mode: LIVE | EXTRA: {"order_id":"gid://shopify/Order/6599951024191","order_name":"#1018","order_amount":202.0,"currency":"EUR","mode":"LIVE","request_id":"e408f274","timestamp":"2025-08-29T08:58:28.274169-04:00"}
2025-08-29T12:58:28.274170+00:00 - src.shopify.refund - INFO - Processing refund 1/1 - Return(#1018-R2) Order(#1018)
2025-08-29T12:58:28.276740+00:00 - src.utils.timing_validator - INFO - Timing validation failed: 101.66h < 120h | EXTRA: {"tracking_number":"00340434775407192213","hours_since_delivery":101.65785393583333,"required_delay_hours":120,"time_remaining_hours":18.34214606416667}
2025-08-29T12:58:28.276740+00:00 - src.shopify.refund_validator - WARNING - Tracking failed timing validation: Return(#1018-R2) | EXTRA: {"order_id":"gid://shopify/Order/6599951024191","order_name":"#1018","delivery_time":"2025-08-25T03:19:00-04:00","current_time":"2025-08-29T08:58:28.274169-04:00","hours_since_delivery":101.66,"required_delay_hours":120,"tracking_number":"00340434775407192213","time_remaining_hours":18.34214606416667}
2025-08-29T12:58:28.276740+00:00 - src.shopify.refund - WARNING - Refund not processed for: Order(#1018) | EXTRA: {"order_id":"gid://shopify/Order/6599951024191","order_name":"#1018","full_return_shipping":"Policy ON","partial_return_shipping":"Policy ON"}
2025-08-29T12:58:28.276740+00:00 - src.shopify.refund - INFO - Retrying 0 failed refunds (attempt 1/2)
2025-08-29T12:58:28.276740+00:00 - src.shopify.refund - INFO - Refund automation retry #1 for failed refunds | EXTRA: {"mode":"LIVE","timezone_info":{"store_timezone":"America/New_York","current_utc":"2025-08-29T12:58:28.276740+00:00","current_store":"2025-08-29T08:58:28.276740-04:00","utc_offset":"-0400"}}
2025-08-29T12:58:28.276740+00:00 - src.shopify.orders - INFO - Fetching all refundable Shopify orders: max(10000)
2025-08-29T12:58:29.813995+00:00 - src.shopify.orders - INFO - Fetched 1 orders from Shopify
2025-08-29T12:58:29.813995+00:00 - src.shopify.orders - INFO - Successfully fetched 1 total orders
2025-08-29T12:58:29.813995+00:00 - src.shopify.orders - INFO - Processing 1 orders for tracking
2025-08-29T12:58:29.813995+00:00 - src.shopify.orders - INFO - Cleaning up 1 Shopify orders
2025-08-29T12:58:29.813995+00:00 - src.shopify.orders - INFO - Cleaned orders count: 1
2025-08-29T12:58:29.813995+00:00 - src.shopify.orders - INFO - Cleaned orders: 1 eligible out of 0 total
2025-08-29T12:58:29.813995+00:00 - src.shopify.tracking - INFO - Generating tracking 1 orders
2025-08-29T12:58:29.813995+00:00 - src.shopify.tracking - INFO - Generated tracking payload with 1 entries
2025-08-29T12:58:29.813995+00:00 - src.shopify.tracking - INFO - Registering 1 trackings in 1 segments
2025-08-29T12:58:31.155210+00:00 - src.shopify.tracking - INFO - Segment 1: 0 registered, 1 rejected
2025-08-29T12:58:31.155210+00:00 - src.shopify.tracking - WARNING - Rejected trackings in segment 1 | EXTRA: {"rejected_count":1,"rejected_trackings":[{"number":"00340434775407192213","error":{"code":-18019901,"message":"The tracking number '00340434775407192213' has been registered, don't need to repeat registration."}}]}
2025-08-29T12:58:31.155210+00:00 - src.shopify.tracking - INFO - Total tracking registration results: 0 registered, 1 rejected
2025-08-29T12:58:31.155210+00:00 - src.shopify.tracking - INFO - Waiting 15 seconds for tracking registration to sync
2025-08-29T12:58:46.160350+00:00 - src.shopify.tracking - INFO - Fetching tracking details for 1 payload entries
2025-08-29T12:58:49.830434+00:00 - src.shopify.tracking - INFO - Received 1 tracking entries from API
2025-08-29T12:58:49.830434+00:00 - src.shopify.tracking - INFO - These tracking-numbers matches return criteria | EXTRA: {"0":"Tracking(0)"}
2025-08-29T12:58:49.830434+00:00 - src.shopify.tracking - INFO - Tracking details processing complete: 1 matched, 0 errors out of 1 total | EXTRA: {"matched_orders":1,"parsing_errors":0,"processed_count":1,"success_rate":"100.0%"}
2025-08-29T12:58:49.830434+00:00 - src.shopify.orders - INFO - Tracking processing complete: 1 matched trackings | EXTRA: {"total_orders":0,"eligible_orders":1,"matched_trackings":1}
2025-08-29T12:58:49.830434+00:00 - src.shopify.refund - INFO - Processing 1 orders for potential refunds
2025-08-29T12:58:49.830434+00:00 - src.shopify.refund - INFO - Processing order 1/1 - Order(#1018)
2025-08-29T12:58:49.830434+00:00 - src.shopify.refund - INFO - Initiating refund for order #1018 ($202.0 EUR) - mode: LIVE | EXTRA: {"order_id":"gid://shopify/Order/6599951024191","order_name":"#1018","order_amount":202.0,"currency":"EUR","mode":"LIVE","request_id":"5e0a436b","timestamp":"2025-08-29T08:58:49.830433-04:00"}
2025-08-29T12:58:49.830434+00:00 - src.shopify.refund - INFO - Processing refund 1/1 - Return(#1018-R2) Order(#1018)
2025-08-29T12:58:49.830434+00:00 - src.utils.timing_validator - INFO - Timing validation failed: 101.66h < 120h | EXTRA: {"tracking_number":"00340434775407192213","hours_since_delivery":101.66384178694445,"required_delay_hours":120,"time_remaining_hours":18.336158213055555}
2025-08-29T12:58:49.830434+00:00 - src.shopify.refund_validator - WARNING - Tracking failed timing validation: Return(#1018-R2) | EXTRA: {"order_id":"gid://shopify/Order/6599951024191","order_name":"#1018","delivery_time":"2025-08-25T03:19:00-04:00","current_time":"2025-08-29T08:58:49.830433-04:00","hours_since_delivery":101.66,"required_delay_hours":120,"tracking_number":"00340434775407192213","time_remaining_hours":18.336158213055555}
2025-08-29T12:58:49.830434+00:00 - src.shopify.refund - WARNING - Refund not processed for: Order(#1018) | EXTRA: {"order_id":"gid://shopify/Order/6599951024191","order_name":"#1018","full_return_shipping":"Policy ON","partial_return_shipping":"Policy ON"}
2025-08-29T12:58:49.830434+00:00 - src.shopify.refund - INFO - Retrying 0 failed refunds (attempt 2/2)
2025-08-29T12:58:49.830434+00:00 - src.shopify.refund - INFO - Refund automation retry #2 for failed refunds | EXTRA: {"mode":"LIVE","timezone_info":{"store_timezone":"America/New_York","current_utc":"2025-08-29T12:58:49.830433+00:00","current_store":"2025-08-29T08:58:49.830433-04:00","utc_offset":"-0400"}}
2025-08-29T12:58:49.834892+00:00 - src.shopify.orders - INFO - Fetching all refundable Shopify orders: max(10000)
2025-08-29T12:58:50.828971+00:00 - src.shopify.orders - INFO - Fetched 1 orders from Shopify
2025-08-29T12:58:50.828971+00:00 - src.shopify.orders - INFO - Successfully fetched 1 total orders
2025-08-29T12:58:50.828971+00:00 - src.shopify.orders - INFO - Processing 1 orders for tracking
2025-08-29T12:58:50.828971+00:00 - src.shopify.orders - INFO - Cleaning up 1 Shopify orders
2025-08-29T12:58:50.828971+00:00 - src.shopify.orders - INFO - Cleaned orders count: 1
2025-08-29T12:58:50.828971+00:00 - src.shopify.orders - INFO - Cleaned orders: 1 eligible out of 0 total
2025-08-29T12:58:50.828971+00:00 - src.shopify.tracking - INFO - Generating tracking 1 orders
2025-08-29T12:58:50.828971+00:00 - src.shopify.tracking - INFO - Generated tracking payload with 1 entries
2025-08-29T12:58:50.828971+00:00 - src.shopify.tracking - INFO - Registering 1 trackings in 1 segments
2025-08-29T12:58:51.380108+00:00 - src.shopify.tracking - INFO - Segment 1: 0 registered, 1 rejected
2025-08-29T12:58:51.380108+00:00 - src.shopify.tracking - WARNING - Rejected trackings in segment 1 | EXTRA: {"rejected_count":1,"rejected_trackings":[{"number":"00340434775407192213","error":{"code":-18019901,"message":"The tracking number '00340434775407192213' has been registered, don't need to repeat registration."}}]}
2025-08-29T12:58:51.380108+00:00 - src.shopify.tracking - INFO - Total tracking registration results: 0 registered, 1 rejected
2025-08-29T12:58:51.380108+00:00 - src.shopify.tracking - INFO - Waiting 15 seconds for tracking registration to sync
2025-08-29T12:59:06.383068+00:00 - src.shopify.tracking - INFO - Fetching tracking details for 1 payload entries
2025-08-29T12:59:09.810762+00:00 - src.shopify.tracking - INFO - Received 1 tracking entries from API
2025-08-29T12:59:09.810762+00:00 - src.shopify.tracking - INFO - These tracking-numbers matches return criteria | EXTRA: {"0":"Tracking(0)"}
2025-08-29T12:59:09.810762+00:00 - src.shopify.tracking - INFO - Tracking details processing complete: 1 matched, 0 errors out of 1 total | EXTRA: {"matched_orders":1,"parsing_errors":0,"processed_count":1,"success_rate":"100.0%"}
2025-08-29T12:59:09.814706+00:00 - src.shopify.orders - INFO - Tracking processing complete: 1 matched trackings | EXTRA: {"total_orders":0,"eligible_orders":1,"matched_trackings":1}
2025-08-29T12:59:09.814706+00:00 - src.shopify.refund - INFO - Processing 1 orders for potential refunds
2025-08-29T12:59:09.814706+00:00 - src.shopify.refund - INFO - Processing order 1/1 - Order(#1018)
2025-08-29T12:59:09.814706+00:00 - src.shopify.refund - INFO - Initiating refund for order #1018 ($202.0 EUR) - mode: LIVE | EXTRA: {"order_id":"gid://shopify/Order/6599951024191","order_name":"#1018","order_amount":202.0,"currency":"EUR","mode":"LIVE","request_id":"d49577b2","timestamp":"2025-08-29T08:59:09.814706-04:00"}
2025-08-29T12:59:09.814706+00:00 - src.shopify.refund - INFO - Processing refund 1/1 - Return(#1018-R2) Order(#1018)
2025-08-29T12:59:09.814706+00:00 - src.utils.timing_validator - INFO - Timing validation failed: 101.67h < 120h | EXTRA: {"tracking_number":"00340434775407192213","hours_since_delivery":101.66939297388888,"required_delay_hours":120,"time_remaining_hours":18.330607026111124}
2025-08-29T12:59:09.814706+00:00 - src.shopify.refund_validator - WARNING - Tracking failed timing validation: Return(#1018-R2) | EXTRA: {"order_id":"gid://shopify/Order/6599951024191","order_name":"#1018","delivery_time":"2025-08-25T03:19:00-04:00","current_time":"2025-08-29T08:59:09.814706-04:00","hours_since_delivery":101.67,"required_delay_hours":120,"tracking_number":"00340434775407192213","time_remaining_hours":18.330607026111124}
2025-08-29T12:59:09.814706+00:00 - src.shopify.refund - WARNING - Refund not processed for: Order(#1018) | EXTRA: {"order_id":"gid://shopify/Order/6599951024191","order_name":"#1018","full_return_shipping":"Policy ON","partial_return_shipping":"Policy ON"}
2025-08-29T12:59:09.814706+00:00 - src.shopify.refund - INFO - Refund processing completed for 3 items | EXTRA: {"successful_refunds":0,"failed_refunds":0,"skipped_refunds":3,"total_refunded_amount":"0.00","mode":"LIVE","retry_attempts":2}
2025-08-29T12:59:09.814706+00:00 - __main__ - INFO - ================================= [Refund Automation | MODE=[LIVE | ID=[8A8A1C8CF3564EA0]]] =================================
2025-08-29T22:02:05.382703+00:00 - __main__ - INFO - ================================= [Refund Automation | MODE=[LIVE | ID=[1B7354194A234085]]] =================================
2025-08-29T22:02:06.033648+00:00 - __main__ - INFO - System initialization | EXTRA: {"mode":"LIVE","audit_stats":{"enabled":true,"log_dir":".audit_logs","current_log_file":".audit_logs\\audit_2025-08-29.json","log_file_size_bytes":2066,"total_entries":6},"timezone_info":{"store_timezone":"America/New_York","current_utc":"2025-08-29T22:02:06.033647+00:00","current_store":"2025-08-29T18:02:06.033647-04:00","utc_offset":"-0400"},"idempotency_stats":{"total_entries":0,"dry_run_entries":0,"live_entries":0,"cache_file":".cache\\idempotency.json","ttl_hours":24}}
2025-08-29T22:02:06.033648+00:00 - src.shopify.refund - INFO - Starting refund automation in LIVE mode | EXTRA: {"mode":"LIVE","timezone_info":{"store_timezone":"America/New_York","current_utc":"2025-08-29T22:02:06.033647+00:00","current_store":"2025-08-29T18:02:06.033647-04:00","utc_offset":"-0400"}}
2025-08-29T22:02:06.033648+00:00 - src.shopify.orders - INFO - Fetching all refundable Shopify orders: max(10000)
2025-08-29T22:02:07.774879+00:00 - src.shopify.orders - INFO - Fetched 1 orders from Shopify
2025-08-29T22:02:07.774879+00:00 - src.shopify.orders - INFO - Successfully fetched 1 total orders
2025-08-29T22:02:07.774879+00:00 - src.shopify.orders - INFO - Processing 1 orders for tracking
2025-08-29T22:02:07.774879+00:00 - src.shopify.orders - INFO - Cleaning up 1 Shopify orders
2025-08-29T22:02:07.774879+00:00 - src.shopify.orders - INFO - Cleaned orders count: 1
2025-08-29T22:02:07.774879+00:00 - src.shopify.orders - INFO - Cleaned orders: 1 eligible out of 0 total
2025-08-29T22:02:07.774879+00:00 - src.shopify.tracking - INFO - Generating tracking 1 orders
2025-08-29T22:02:07.774879+00:00 - src.shopify.tracking - INFO - Generated tracking payload with 1 entries
2025-08-29T22:02:07.774879+00:00 - src.shopify.tracking - INFO - Registering 1 trackings in 1 segments
2025-08-29T22:02:09.596708+00:00 - src.shopify.tracking - INFO - Segment 1: 0 registered, 1 rejected
2025-08-29T22:02:09.596708+00:00 - src.shopify.tracking - WARNING - Rejected trackings in segment 1 | EXTRA: {"rejected_count":1,"rejected_trackings":[{"number":"00340434775407192213","error":{"code":-18019901,"message":"The tracking number '00340434775407192213' has been registered, don't need to repeat registration."}}]}
2025-08-29T22:02:09.603235+00:00 - src.shopify.tracking - INFO - Total tracking registration results: 0 registered, 1 rejected
2025-08-29T22:02:09.603235+00:00 - src.shopify.tracking - INFO - Waiting 15 seconds for tracking registration to sync
2025-08-29T22:02:24.604639+00:00 - src.shopify.tracking - INFO - Fetching tracking details for 1 payload entries
2025-08-29T22:02:28.012459+00:00 - src.shopify.tracking - INFO - Received 1 tracking entries from API
2025-08-29T22:02:28.012459+00:00 - src.shopify.tracking - INFO - These tracking-numbers matches return criteria | EXTRA: {"0":"Tracking(0)"}
2025-08-29T22:02:28.012459+00:00 - src.shopify.tracking - INFO - Tracking details processing complete: 1 matched, 0 errors out of 1 total | EXTRA: {"matched_orders":1,"parsing_errors":0,"processed_count":1,"success_rate":"100.0%"}
2025-08-29T22:02:28.012459+00:00 - src.shopify.orders - INFO - Tracking processing complete: 1 matched trackings | EXTRA: {"total_orders":0,"eligible_orders":1,"matched_trackings":1}
2025-08-29T22:02:28.012459+00:00 - src.shopify.refund - INFO - Processing 1 orders for potential refunds
2025-08-29T22:02:28.012459+00:00 - src.shopify.refund - INFO - Processing order 1/1 - Order(#1018)
2025-08-29T22:02:28.012459+00:00 - src.shopify.refund - INFO - Initiating refund for order #1018 ($202.0 EUR) - mode: LIVE | EXTRA: {"order_id":"gid://shopify/Order/6599951024191","order_name":"#1018","order_amount":202.0,"currency":"EUR","mode":"LIVE","request_id":"f78c4b16","timestamp":"2025-08-29T18:02:28.012458-04:00"}
2025-08-29T22:02:28.012459+00:00 - src.shopify.refund - INFO - Processing refund 1/1 - Return(#1018-R2) Order(#1018)
2025-08-29T22:02:28.020523+00:00 - src.utils.timing_validator - INFO - Timing validation failed: 110.72h < 120h | EXTRA: {"tracking_number":"00340434775407192213","hours_since_delivery":110.72445014499999,"required_delay_hours":120,"time_remaining_hours":9.275549855000008}
2025-08-29T22:02:28.020523+00:00 - src.shopify.refund_validator - WARNING - Tracking failed timing validation: Return(#1018-R2) | EXTRA: {"order_id":"gid://shopify/Order/6599951024191","order_name":"#1018","delivery_time":"2025-08-25T03:19:00-04:00","current_time":"2025-08-29T18:02:28.020522-04:00","hours_since_delivery":110.72,"required_delay_hours":120,"tracking_number":"00340434775407192213","time_remaining_hours":9.275549855000008}
2025-08-29T22:02:28.020523+00:00 - src.shopify.refund - WARNING - Refund not processed for: Order(#1018) | EXTRA: {"order_id":"gid://shopify/Order/6599951024191","order_name":"#1018","full_return_shipping":"Policy ON","partial_return_shipping":"Policy ON"}
2025-08-29T22:02:28.026009+00:00 - src.shopify.refund - INFO - Retrying 0 failed refunds (attempt 1/2)
2025-08-29T22:02:28.027076+00:00 - src.shopify.refund - INFO - Refund automation retry #1 for failed refunds | EXTRA: {"mode":"LIVE","timezone_info":{"store_timezone":"America/New_York","current_utc":"2025-08-29T22:02:28.027076+00:00","current_store":"2025-08-29T18:02:28.027076-04:00","utc_offset":"-0400"}}
2025-08-29T22:02:28.027076+00:00 - src.shopify.orders - INFO - Fetching all refundable Shopify orders: max(10000)
2025-08-29T22:02:31.158332+00:00 - src.shopify.orders - INFO - Fetched 1 orders from Shopify
2025-08-29T22:02:31.158332+00:00 - src.shopify.orders - INFO - Successfully fetched 1 total orders
2025-08-29T22:02:31.158332+00:00 - src.shopify.orders - INFO - Processing 1 orders for tracking
2025-08-29T22:02:31.158332+00:00 - src.shopify.orders - INFO - Cleaning up 1 Shopify orders
2025-08-29T22:02:31.158332+00:00 - src.shopify.orders - INFO - Cleaned orders count: 1
2025-08-29T22:02:31.168730+00:00 - src.shopify.orders - INFO - Cleaned orders: 1 eligible out of 0 total
2025-08-29T22:02:31.168730+00:00 - src.shopify.tracking - INFO - Generating tracking 1 orders
2025-08-29T22:02:31.168730+00:00 - src.shopify.tracking - INFO - Generated tracking payload with 1 entries
2025-08-29T22:02:31.169426+00:00 - src.shopify.tracking - INFO - Registering 1 trackings in 1 segments
2025-08-29T22:02:34.203598+00:00 - src.shopify.tracking - INFO - Segment 1: 0 registered, 1 rejected
2025-08-29T22:02:34.203598+00:00 - src.shopify.tracking - WARNING - Rejected trackings in segment 1 | EXTRA: {"rejected_count":1,"rejected_trackings":[{"number":"00340434775407192213","error":{"code":-18019901,"message":"The tracking number '00340434775407192213' has been registered, don't need to repeat registration."}}]}
2025-08-29T22:02:34.204427+00:00 - src.shopify.tracking - INFO - Total tracking registration results: 0 registered, 1 rejected
2025-08-29T22:02:34.204427+00:00 - src.shopify.tracking - INFO - Waiting 15 seconds for tracking registration to sync
2025-08-29T22:02:49.205575+00:00 - src.shopify.tracking - INFO - Fetching tracking details for 1 payload entries
2025-08-29T22:02:53.883337+00:00 - src.shopify.tracking - INFO - Received 1 tracking entries from API
2025-08-29T22:02:53.883337+00:00 - src.shopify.tracking - INFO - These tracking-numbers matches return criteria | EXTRA: {"0":"Tracking(0)"}
2025-08-29T22:02:53.883337+00:00 - src.shopify.tracking - INFO - Tracking details processing complete: 1 matched, 0 errors out of 1 total | EXTRA: {"matched_orders":1,"parsing_errors":0,"processed_count":1,"success_rate":"100.0%"}
2025-08-29T22:02:53.883337+00:00 - src.shopify.orders - INFO - Tracking processing complete: 1 matched trackings | EXTRA: {"total_orders":0,"eligible_orders":1,"matched_trackings":1}
2025-08-29T22:02:53.883337+00:00 - src.shopify.refund - INFO - Processing 1 orders for potential refunds
2025-08-29T22:02:53.883337+00:00 - src.shopify.refund - INFO - Processing order 1/1 - Order(#1018)
2025-08-29T22:02:53.883337+00:00 - src.shopify.refund - INFO - Initiating refund for order #1018 ($202.0 EUR) - mode: LIVE | EXTRA: {"order_id":"gid://shopify/Order/6599951024191","order_name":"#1018","order_amount":202.0,"currency":"EUR","mode":"LIVE","request_id":"ece0a47a","timestamp":"2025-08-29T18:02:53.883337-04:00"}
2025-08-29T22:02:53.886956+00:00 - src.shopify.refund - INFO - Processing refund 1/1 - Return(#1018-R2) Order(#1018)
2025-08-29T22:02:53.886956+00:00 - src.utils.timing_validator - INFO - Timing validation failed: 110.73h < 120h | EXTRA: {"tracking_number":"00340434775407192213","hours_since_delivery":110.73163526527777,"required_delay_hours":120,"time_remaining_hours":9.268364734722226}
2025-08-29T22:02:53.886956+00:00 - src.shopify.refund_validator - WARNING - Tracking failed timing validation: Return(#1018-R2) | EXTRA: {"order_id":"gid://shopify/Order/6599951024191","order_name":"#1018","delivery_time":"2025-08-25T03:19:00-04:00","current_time":"2025-08-29T18:02:53.886955-04:00","hours_since_delivery":110.73,"required_delay_hours":120,"tracking_number":"00340434775407192213","time_remaining_hours":9.268364734722226}
2025-08-29T22:02:53.889179+00:00 - src.shopify.refund - WARNING - Refund not processed for: Order(#1018) | EXTRA: {"order_id":"gid://shopify/Order/6599951024191","order_name":"#1018","full_return_shipping":"Policy ON","partial_return_shipping":"Policy ON"}
2025-08-29T22:02:53.889685+00:00 - src.shopify.refund - INFO - Retrying 0 failed refunds (attempt 2/2)
2025-08-29T22:02:53.889685+00:00 - src.shopify.refund - INFO - Refund automation retry #2 for failed refunds | EXTRA: {"mode":"LIVE","timezone_info":{"store_timezone":"America/New_York","current_utc":"2025-08-29T22:02:53.889684+00:00","current_store":"2025-08-29T18:02:53.889684-04:00","utc_offset":"-0400"}}
2025-08-29T22:02:53.889685+00:00 - src.shopify.orders - INFO - Fetching all refundable Shopify orders: max(10000)
2025-08-29T22:02:55.030838+00:00 - src.shopify.orders - INFO - Fetched 1 orders from Shopify
2025-08-29T22:02:55.032849+00:00 - src.shopify.orders - INFO - Successfully fetched 1 total orders
2025-08-29T22:02:55.033359+00:00 - src.shopify.orders - INFO - Processing 1 orders for tracking
2025-08-29T22:02:55.033359+00:00 - src.shopify.orders - INFO - Cleaning up 1 Shopify orders
2025-08-29T22:02:55.033359+00:00 - src.shopify.orders - INFO - Cleaned orders count: 1
2025-08-29T22:02:55.033359+00:00 - src.shopify.orders - INFO - Cleaned orders: 1 eligible out of 0 total
2025-08-29T22:02:55.033359+00:00 - src.shopify.tracking - INFO - Generating tracking 1 orders
2025-08-29T22:02:55.033359+00:00 - src.shopify.tracking - INFO - Generated tracking payload with 1 entries
2025-08-29T22:02:55.033359+00:00 - src.shopify.tracking - INFO - Registering 1 trackings in 1 segments
2025-08-29T22:02:57.128750+00:00 - src.shopify.tracking - INFO - Segment 1: 0 registered, 1 rejected
2025-08-29T22:02:57.129657+00:00 - src.shopify.tracking - WARNING - Rejected trackings in segment 1 | EXTRA: {"rejected_count":1,"rejected_trackings":[{"number":"00340434775407192213","error":{"code":-18019901,"message":"The tracking number '00340434775407192213' has been registered, don't need to repeat registration."}}]}
2025-08-29T22:02:57.130241+00:00 - src.shopify.tracking - INFO - Total tracking registration results: 0 registered, 1 rejected
2025-08-29T22:02:57.130747+00:00 - src.shopify.tracking - INFO - Waiting 15 seconds for tracking registration to sync
2025-08-29T22:03:12.131722+00:00 - src.shopify.tracking - INFO - Fetching tracking details for 1 payload entries
2025-08-29T22:03:16.387544+00:00 - src.shopify.tracking - INFO - Received 1 tracking entries from API
2025-08-29T22:03:16.387544+00:00 - src.shopify.tracking - INFO - These tracking-numbers matches return criteria | EXTRA: {"0":"Tracking(0)"}
2025-08-29T22:03:16.389624+00:00 - src.shopify.tracking - INFO - Tracking details processing complete: 1 matched, 0 errors out of 1 total | EXTRA: {"matched_orders":1,"parsing_errors":0,"processed_count":1,"success_rate":"100.0%"}
2025-08-29T22:03:16.390218+00:00 - src.shopify.orders - INFO - Tracking processing complete: 1 matched trackings | EXTRA: {"total_orders":0,"eligible_orders":1,"matched_trackings":1}
2025-08-29T22:03:16.390218+00:00 - src.shopify.refund - INFO - Processing 1 orders for potential refunds
2025-08-29T22:03:16.390218+00:00 - src.shopify.refund - INFO - Processing order 1/1 - Order(#1018)
2025-08-29T22:03:16.390218+00:00 - src.shopify.refund - INFO - Initiating refund for order #1018 ($202.0 EUR) - mode: LIVE | EXTRA: {"order_id":"gid://shopify/Order/6599951024191","order_name":"#1018","order_amount":202.0,"currency":"EUR","mode":"LIVE","request_id":"7c984863","timestamp":"2025-08-29T18:03:16.390218-04:00"}
2025-08-29T22:03:16.390218+00:00 - src.shopify.refund - INFO - Processing refund 1/1 - Return(#1018-R2) Order(#1018)
2025-08-29T22:03:16.390218+00:00 - src.utils.timing_validator - INFO - Timing validation failed: 110.74h < 120h | EXTRA: {"tracking_number":"00340434775407192213","hours_since_delivery":110.73788617166666,"required_delay_hours":120,"time_remaining_hours":9.26211382833334}
2025-08-29T22:03:16.390218+00:00 - src.shopify.refund_validator - WARNING - Tracking failed timing validation: Return(#1018-R2) | EXTRA: {"order_id":"gid://shopify/Order/6599951024191","order_name":"#1018","delivery_time":"2025-08-25T03:19:00-04:00","current_time":"2025-08-29T18:03:16.390218-04:00","hours_since_delivery":110.74,"required_delay_hours":120,"tracking_number":"00340434775407192213","time_remaining_hours":9.26211382833334}
2025-08-29T22:03:16.390218+00:00 - src.shopify.refund - WARNING - Refund not processed for: Order(#1018) | EXTRA: {"order_id":"gid://shopify/Order/6599951024191","order_name":"#1018","full_return_shipping":"Policy ON","partial_return_shipping":"Policy ON"}
2025-08-29T22:03:16.390218+00:00 - src.shopify.refund - INFO - Refund processing completed for 3 items | EXTRA: {"successful_refunds":0,"failed_refunds":0,"skipped_refunds":3,"total_refunded_amount":"0.00","mode":"LIVE","retry_attempts":2}
2025-08-29T22:03:16.390218+00:00 - __main__ - INFO - ================================= [Refund Automation | MODE=[LIVE | ID=[1B7354194A234085]]] =================================
